<?xml version="1.0" encoding="UTF-8"?>
<testng-results ignored="0" total="1" passed="1" failed="0" skipped="0">
  <reporter-output>
  </reporter-output>
  <suite started-at="2023-09-24T12:57:53 CDT" name="Surefire suite" finished-at="2023-09-24T12:58:18 CDT" duration-ms="25173">
    <groups>
      <group name="cucumber">
        <method signature="AbstractTestNGCucumberTests.feature(cucumber.api.testng.CucumberFeatureWrapper)[pri:0, instance:TestRunner.TestRunner@49049a04]" name="feature" class="cucumber.api.testng.AbstractTestNGCucumberTests"/>
      </group> <!-- cucumber -->
    </groups>
    <test started-at="2023-09-24T12:57:53 CDT" name="Surefire test" finished-at="2023-09-24T12:58:18 CDT" duration-ms="25173">
      <class name="TestRunner.TestRunner">
        <test-method is-config="true" signature="OpenURL()[pri:0, instance:TestRunner.TestRunner@49049a04]" started-at="2023-09-24T12:57:53 CDT" name="OpenURL" finished-at="2023-09-24T12:57:59 CDT" duration-ms="5865" status="PASS">
          <reporter-output>
          </reporter-output>
        </test-method> <!-- OpenURL -->
        <test-method is-config="true" signature="setUpClass()[pri:0, instance:TestRunner.TestRunner@49049a04]" started-at="2023-09-24T12:57:59 CDT" name="setUpClass" finished-at="2023-09-24T12:57:59 CDT" duration-ms="582" status="PASS">
          <reporter-output>
          </reporter-output>
        </test-method> <!-- setUpClass -->
        <test-method signature="feature(cucumber.api.testng.CucumberFeatureWrapper)[pri:0, instance:TestRunner.TestRunner@49049a04]" started-at="2023-09-24T12:58:00 CDT" name="feature" description="Runs Cucumber Feature" data-provider="features" finished-at="2023-09-24T12:58:12 CDT" duration-ms="12977" status="PASS">
          <params>
            <param index="0">
              <value>
                <![CDATA[This is a feature to test login functionality]]>
              </value>
            </param>
          </params>
          <reporter-output>
          </reporter-output>
        </test-method> <!-- feature -->
        <test-method is-config="true" signature="tearDownClass()[pri:0, instance:TestRunner.TestRunner@49049a04]" started-at="2023-09-24T12:58:12 CDT" name="tearDownClass" finished-at="2023-09-24T12:58:13 CDT" duration-ms="53" status="PASS">
          <reporter-output>
          </reporter-output>
        </test-method> <!-- tearDownClass -->
        <test-method is-config="true" signature="CloseURL()[pri:0, instance:TestRunner.TestRunner@49049a04]" started-at="2023-09-24T12:58:13 CDT" name="CloseURL" finished-at="2023-09-24T12:58:18 CDT" duration-ms="5414" status="PASS">
          <reporter-output>
          </reporter-output>
        </test-method> <!-- CloseURL -->
      </class> <!-- TestRunner.TestRunner -->
    </test> <!-- Surefire test -->
  </suite> <!-- Surefire suite -->
</testng-results>
